<?xml version="1.0" encoding="UTF-8"?>
<!-- Generated by org.testng.reporters.JUnitReportReporter -->
<testsuite hostname="LAPTOP-8OP3M45T" failures="0" tests="4" name="test.NewTest" time="63.819" errors="0" timestamp="2023-07-21T01:31:41 IST" skipped="0">
  <testcase classname="test.NewTest" name="register" time="7.956"/>
  <testcase classname="test.NewTest" name="login" time="9.864"/>
  <testcase classname="test.NewTest" name="searchProduct" time="17.357"/>
  <testcase classname="test.NewTest" name="addToCart" time="28.642"/>
</testsuite> <!-- test.NewTest -->
